TN:
SF:/home/swhitmore/workspace/archium/web/src/polyfills.ts
FNF:0
FNH:0
LF:0
LH:0
BRF:0
BRH:0
end_of_record
TN:
SF:/home/swhitmore/workspace/archium/web/src/test.ts
FNF:0
FNH:0
DA:13,1
DA:18,1
DA:20,1
LF:3
LH:3
BRF:0
BRH:0
end_of_record
TN:
SF:/home/swhitmore/workspace/archium/web/src/app/app.component.ts
FN:8,(anonymous_1)
FNF:1
FNH:1
FNDA:1,(anonymous_1)
DA:8,1
DA:9,1
LF:2
LH:2
BRF:0
BRH:0
end_of_record
TN:
SF:/home/swhitmore/workspace/archium/web/src/app/app.module.ts
FN:16,markedOptions
FN:19,(anonymous_2)
FN:62,(anonymous_3)
FNF:3
FNH:2
FNDA:1,markedOptions
FNDA:0,(anonymous_2)
FNDA:14,(anonymous_3)
DA:17,1
DA:19,1
DA:20,0
DA:23,1
DA:62,1
LF:5
LH:4
BRF:0
BRH:0
end_of_record
TN:
SF:/home/swhitmore/workspace/archium/web/src/app/app.routing.ts
FN:27,(anonymous_1)
FNF:1
FNH:1
FNDA:14,(anonymous_1)
DA:9,1
DA:27,1
LF:2
LH:2
BRF:0
BRH:0
end_of_record
TN:
SF:/home/swhitmore/workspace/archium/web/src/app/_guards/auth.guard.ts
FN:5,(anonymous_2)
FN:6,AuthGuard
FN:9,(anonymous_4)
FNF:3
FNH:3
FNDA:1,(anonymous_2)
FNDA:4,AuthGuard
FNDA:4,(anonymous_4)
DA:5,1
DA:6,4
DA:9,1
DA:10,4
DA:11,0
DA:14,4
DA:15,4
DA:17,1
LF:8
LH:7
BRDA:10,0,0,0
BRDA:10,0,1,4
BRF:2
BRH:1
end_of_record
TN:
SF:/home/swhitmore/workspace/archium/web/src/app/_services/authentication.service.ts
FN:10,(anonymous_7)
FN:12,AuthenticationService
FN:16,(anonymous_9)
FN:18,(anonymous_10)
FN:27,(anonymous_11)
FN:31,(anonymous_12)
FNF:6
FNH:1
FNDA:1,(anonymous_7)
FNDA:0,AuthenticationService
FNDA:0,(anonymous_9)
FNDA:0,(anonymous_10)
FNDA:0,(anonymous_11)
FNDA:0,(anonymous_12)
DA:10,1
DA:12,0
DA:13,0
DA:16,1
DA:17,0
DA:19,0
DA:20,0
DA:23,0
DA:27,1
DA:28,0
DA:31,1
DA:32,0
DA:34,1
LF:13
LH:5
BRDA:13,0,0,0
BRDA:13,0,1,0
BRDA:19,1,0,0
BRDA:19,1,1,0
BRDA:19,2,0,0
BRDA:19,2,1,0
BRF:6
BRH:0
end_of_record
TN:
SF:/home/swhitmore/workspace/archium/web/src/app/_services/base.service.ts
FN:5,(anonymous_0)
FN:8,BaseService
FN:10,(anonymous_2)
FNF:3
FNH:1
FNDA:1,(anonymous_0)
FNDA:0,BaseService
FNDA:0,(anonymous_2)
DA:5,1
DA:6,0
DA:10,1
DA:11,0
DA:12,0
DA:14,1
LF:6
LH:3
BRDA:11,0,0,0
BRDA:11,0,1,0
BRDA:12,1,0,0
BRDA:12,1,1,0
BRF:4
BRH:0
end_of_record
TN:
SF:/home/swhitmore/workspace/archium/web/src/app/_services/index.ts
FNF:0
FNH:0
LF:0
LH:0
BRF:0
BRH:0
end_of_record
TN:
SF:/home/swhitmore/workspace/archium/web/src/app/_services/menu.service.ts
FN:9,(anonymous_7)
FN:18,MenuService
FN:22,(anonymous_9)
FN:26,(anonymous_10)
FN:34,(anonymous_11)
FNF:5
FNH:1
FNDA:1,(anonymous_7)
FNDA:0,MenuService
FNDA:0,(anonymous_9)
FNDA:0,(anonymous_10)
FNDA:0,(anonymous_11)
DA:9,1
DA:10,0
DA:12,0
DA:13,0
DA:15,0
DA:16,0
DA:18,0
DA:19,0
DA:22,1
DA:23,0
DA:26,1
DA:27,0
DA:28,0
DA:31,0
DA:34,1
DA:35,0
DA:39,1
LF:17
LH:5
BRDA:19,0,0,0
BRDA:19,0,1,0
BRDA:27,1,0,0
BRDA:27,1,1,0
BRF:4
BRH:0
end_of_record
TN:
SF:/home/swhitmore/workspace/archium/web/src/app/_services/wiki.service.ts
FN:12,(anonymous_7)
FN:14,WikiService
FN:19,(anonymous_9)
FN:23,(anonymous_10)
FN:33,(anonymous_11)
FNF:5
FNH:1
FNDA:1,(anonymous_7)
FNDA:0,WikiService
FNDA:0,(anonymous_9)
FNDA:0,(anonymous_10)
FNDA:0,(anonymous_11)
DA:12,1
DA:14,0
DA:15,0
DA:16,0
DA:19,1
DA:20,0
DA:23,1
DA:24,0
DA:25,0
DA:27,0
DA:28,0
DA:33,1
DA:34,0
DA:40,0
DA:43,0
DA:45,0
DA:49,1
LF:17
LH:5
BRDA:15,0,0,0
BRDA:15,0,1,0
BRF:2
BRH:0
end_of_record
TN:
SF:/home/swhitmore/workspace/archium/web/src/app/_testing/stubs/activated-route-stub.ts
FN:5,(anonymous_1)
FN:4,ActivatedRouteStub
FN:9,(anonymous_3)
FN:13,(anonymous_4)
FNF:4
FNH:4
FNDA:1,(anonymous_1)
FNDA:1,ActivatedRouteStub
FNDA:2,(anonymous_3)
FNDA:1,(anonymous_4)
DA:5,1
DA:6,1
DA:7,1
DA:9,1
DA:10,2
DA:14,1
DA:15,1
DA:17,1
LF:8
LH:8
BRF:0
BRH:0
end_of_record
TN:
SF:/home/swhitmore/workspace/archium/web/src/app/_testing/stubs/authentication.service-stub.ts
FN:6,(anonymous_0)
FN:11,AuthenticationServiceStub
FN:14,(anonymous_2)
FN:25,(anonymous_3)
FN:29,(anonymous_4)
FN:34,(anonymous_5)
FNF:6
FNH:6
FNDA:1,(anonymous_0)
FNDA:3,AuthenticationServiceStub
FNDA:3,(anonymous_2)
FNDA:2,(anonymous_3)
FNDA:3,(anonymous_4)
FNDA:6,(anonymous_5)
DA:6,1
DA:8,3
DA:9,3
DA:14,1
DA:15,3
DA:16,3
DA:17,3
DA:18,3
DA:20,3
DA:21,1
DA:22,1
DA:24,2
DA:25,2
DA:29,1
DA:31,3
DA:34,1
DA:35,6
DA:37,1
LF:18
LH:18
BRDA:20,0,0,1
BRDA:20,0,1,2
BRDA:20,1,0,3
BRDA:20,1,1,2
BRF:4
BRH:4
end_of_record
TN:
SF:/home/swhitmore/workspace/archium/web/src/app/_testing/stubs/index.ts
FNF:0
FNH:0
LF:0
LH:0
BRF:0
BRH:0
end_of_record
TN:
SF:/home/swhitmore/workspace/archium/web/src/app/_testing/stubs/menu.service-stub.ts
FN:5,(anonymous_0)
FN:16,MenuServiceStub
FN:19,(anonymous_2)
FN:23,(anonymous_3)
FN:27,(anonymous_4)
FNF:5
FNH:4
FNDA:1,(anonymous_0)
FNDA:4,MenuServiceStub
FNDA:0,(anonymous_2)
FNDA:2,(anonymous_3)
FNDA:4,(anonymous_4)
DA:5,1
DA:6,4
DA:8,4
DA:9,4
DA:11,4
DA:12,4
DA:14,4
DA:19,1
DA:20,0
DA:23,1
DA:24,2
DA:27,1
DA:31,1
LF:13
LH:12
BRF:0
BRH:0
end_of_record
TN:
SF:/home/swhitmore/workspace/archium/web/src/app/_testing/stubs/notifier.service-stub.ts
FN:2,(anonymous_0)
FN:5,(anonymous_2)
FNF:2
FNH:2
FNDA:3,(anonymous_0)
FNDA:8,(anonymous_2)
DA:2,1
DA:3,2
DA:5,1
DA:6,8
DA:10,1
LF:5
LH:5
BRDA:6,0,0,0
BRDA:6,0,1,8
BRF:2
BRH:1
end_of_record
TN:
SF:/home/swhitmore/workspace/archium/web/src/app/_testing/stubs/wiki.service-stub.ts
FN:5,(anonymous_0)
FN:15,(anonymous_2)
FN:20,(anonymous_3)
FN:24,(anonymous_4)
FN:30,(anonymous_5)
FNF:5
FNH:2
FNDA:3,(anonymous_0)
FNDA:0,(anonymous_2)
FNDA:0,(anonymous_3)
FNDA:2,(anonymous_4)
FNDA:0,(anonymous_5)
DA:5,1
DA:6,2
DA:7,2
DA:8,2
DA:15,1
DA:16,0
DA:17,0
DA:20,1
DA:24,1
DA:25,2
DA:26,2
DA:27,2
DA:29,0
DA:30,0
DA:33,1
LF:15
LH:11
BRDA:25,0,0,2
BRDA:25,0,1,0
BRF:2
BRH:1
end_of_record
TN:
SF:/home/swhitmore/workspace/archium/web/src/app/home/home.component.ts
FN:18,(anonymous_2)
FN:20,HomeComponent
FN:23,(anonymous_4)
FNF:3
FNH:3
FNDA:1,(anonymous_2)
FNDA:2,HomeComponent
FNDA:2,(anonymous_4)
DA:18,1
DA:20,2
DA:23,1
DA:24,2
DA:27,1
LF:5
LH:5
BRF:0
BRH:0
end_of_record
TN:
SF:/home/swhitmore/workspace/archium/web/src/app/login/login.component.ts
FN:15,(anonymous_2)
FN:20,LoginComponent
FN:27,(anonymous_4)
FN:35,(anonymous_5)
FN:42,(anonymous_6)
FN:48,(anonymous_7)
FN:51,(anonymous_8)
FN:58,(anonymous_9)
FNF:8
FNH:8
FNDA:1,(anonymous_2)
FNDA:6,LoginComponent
FNDA:6,(anonymous_4)
FNDA:6,(anonymous_5)
FNDA:3,(anonymous_6)
FNDA:1,(anonymous_7)
FNDA:2,(anonymous_8)
FNDA:6,(anonymous_9)
DA:15,1
DA:20,6
DA:21,6
DA:22,6
DA:23,6
DA:24,6
DA:27,1
DA:28,6
DA:30,6
DA:32,6
DA:35,1
DA:36,6
DA:42,3
DA:43,3
DA:44,3
DA:46,3
DA:49,1
DA:50,1
DA:52,2
DA:58,1
DA:59,6
DA:62,1
LF:22
LH:22
BRDA:32,0,0,6
BRDA:32,0,1,6
BRDA:59,1,0,3
BRDA:59,1,1,3
BRF:4
BRH:4
end_of_record
TN:
SF:/home/swhitmore/workspace/archium/web/src/app/menu/menu.component.ts
FN:13,(anonymous_2)
FN:20,MenuComponent
FN:24,(anonymous_4)
FN:26,(anonymous_5)
FN:29,(anonymous_6)
FN:31,(anonymous_7)
FN:37,(anonymous_8)
FN:47,(anonymous_9)
FN:52,(anonymous_10)
FN:55,(anonymous_11)
FNF:10
FNH:9
FNDA:1,(anonymous_2)
FNDA:5,MenuComponent
FNDA:5,(anonymous_4)
FNDA:0,(anonymous_5)
FNDA:2,(anonymous_6)
FNDA:2,(anonymous_7)
FNDA:4,(anonymous_8)
FNDA:1,(anonymous_9)
FNDA:3,(anonymous_10)
FNDA:5,(anonymous_11)
DA:13,1
DA:15,5
DA:16,5
DA:17,5
DA:18,5
DA:20,5
DA:21,5
DA:24,5
DA:25,5
DA:26,0
DA:29,2
DA:30,2
DA:31,2
DA:32,2
DA:37,1
DA:38,4
DA:39,4
DA:40,4
DA:41,2
DA:43,2
DA:47,1
DA:48,1
DA:49,0
DA:50,0
DA:52,3
DA:55,1
DA:56,5
DA:59,1
LF:28
LH:25
BRDA:30,0,0,2
BRDA:30,0,1,0
BRDA:40,1,0,2
BRDA:40,1,1,2
BRDA:40,2,0,4
BRDA:40,2,1,4
BRDA:48,3,0,0
BRDA:48,3,1,1
BRDA:56,4,0,5
BRDA:56,4,1,0
BRF:10
BRH:7
end_of_record
TN:
SF:/home/swhitmore/workspace/archium/web/src/app/toolbar/toolbar.component.ts
FN:16,(anonymous_2)
FN:21,ToolbarComponent
FN:27,(anonymous_4)
FN:28,(anonymous_5)
FN:33,(anonymous_6)
FN:34,(anonymous_7)
FN:36,(anonymous_8)
FN:41,(anonymous_9)
FN:49,(anonymous_10)
FN:53,(anonymous_11)
FN:57,(anonymous_12)
FNF:11
FNH:9
FNDA:1,(anonymous_2)
FNDA:12,ToolbarComponent
FNDA:12,(anonymous_4)
FNDA:0,(anonymous_5)
FNDA:2,(anonymous_6)
FNDA:2,(anonymous_7)
FNDA:0,(anonymous_8)
FNDA:4,(anonymous_9)
FNDA:1,(anonymous_10)
FNDA:5,(anonymous_11)
FNDA:1,(anonymous_12)
DA:16,1
DA:17,12
DA:18,12
DA:19,12
DA:21,12
DA:22,12
DA:23,12
DA:24,12
DA:27,12
DA:28,12
DA:29,0
DA:33,2
DA:34,2
DA:35,2
DA:37,0
DA:41,1
DA:42,4
DA:43,4
DA:44,4
DA:45,4
DA:46,4
DA:49,1
DA:50,1
DA:53,1
DA:54,5
DA:57,1
DA:58,1
DA:61,1
LF:28
LH:26
BRF:0
BRH:0
end_of_record
TN:
SF:/home/swhitmore/workspace/archium/web/src/app/wiki/wiki.component.ts
FN:17,(anonymous_2)
FN:24,WikiComponent
FN:31,(anonymous_4)
FN:34,(anonymous_5)
FN:47,(anonymous_6)
FN:49,(anonymous_7)
FN:55,(anonymous_8)
FN:59,(anonymous_9)
FN:69,(anonymous_10)
FN:70,(anonymous_11)
FN:72,(anonymous_12)
FN:77,(anonymous_13)
FN:83,(anonymous_14)
FN:87,(anonymous_15)
FN:105,(anonymous_16)
FN:112,(anonymous_17)
FNF:16
FNH:3
FNDA:1,(anonymous_2)
FNDA:1,WikiComponent
FNDA:1,(anonymous_4)
FNDA:0,(anonymous_5)
FNDA:0,(anonymous_6)
FNDA:0,(anonymous_7)
FNDA:0,(anonymous_8)
FNDA:0,(anonymous_9)
FNDA:0,(anonymous_10)
FNDA:0,(anonymous_11)
FNDA:0,(anonymous_12)
FNDA:0,(anonymous_13)
FNDA:0,(anonymous_14)
FNDA:0,(anonymous_15)
FNDA:0,(anonymous_16)
FNDA:0,(anonymous_17)
DA:17,1
DA:18,1
DA:19,1
DA:21,1
DA:24,1
DA:25,1
DA:26,1
DA:27,1
DA:28,1
DA:31,1
DA:32,1
DA:34,1
DA:35,0
DA:36,0
DA:37,0
DA:38,0
DA:40,0
DA:41,0
DA:47,1
DA:48,0
DA:50,0
DA:51,0
DA:55,1
DA:56,0
DA:59,1
DA:60,0
DA:61,0
DA:62,0
DA:63,0
DA:64,0
DA:65,0
DA:69,1
DA:70,0
DA:71,0
DA:73,0
DA:77,1
DA:78,0
DA:79,0
DA:80,0
DA:83,1
DA:84,0
DA:87,1
DA:90,0
DA:91,0
DA:92,0
DA:95,0
DA:97,0
DA:98,0
DA:100,0
DA:101,0
DA:102,0
DA:105,1
DA:106,0
DA:107,0
DA:108,0
DA:112,1
DA:113,0
DA:116,1
LF:58
LH:22
BRDA:35,0,0,0
BRDA:35,0,1,0
BRDA:61,1,0,0
BRDA:61,1,1,0
BRDA:62,2,0,0
BRDA:62,2,1,0
BRDA:63,3,0,0
BRDA:63,3,1,0
BRDA:63,4,0,0
BRDA:63,4,1,0
BRDA:90,5,0,0
BRDA:90,5,1,0
BRDA:97,6,0,0
BRDA:97,6,1,0
BRDA:106,7,0,0
BRDA:106,7,1,0
BRF:16
BRH:0
end_of_record
